<?xml version="1.0" encoding="UTF-8"?>
<testng-results ignored="0" total="1" passed="1" failed="0" skipped="0">
  <reporter-output>
  </reporter-output>
  <suite started-at="2024-10-20T11:12:23 IST" name="Default suite" finished-at="2024-10-20T11:12:49 IST" duration-ms="26506">
    <groups>
    </groups>
    <test started-at="2024-10-20T11:12:23 IST" name="Default test" finished-at="2024-10-20T11:12:49 IST" duration-ms="26506">
      <class name="STTCA.STTCA.TestingJava">
        <test-method is-config="true" signature="setup()[pri:0, instance:STTCA.STTCA.TestingJava@3b69e7d1]" started-at="2024-10-20T11:12:23 IST" name="setup" finished-at="2024-10-20T11:12:37 IST" duration-ms="14152" status="PASS">
          <reporter-output>
          </reporter-output>
        </test-method> <!-- setup -->
        <test-method signature="formSubmissionTest()[pri:0, instance:STTCA.STTCA.TestingJava@3b69e7d1]" started-at="2024-10-20T11:12:37 IST" name="formSubmissionTest" finished-at="2024-10-20T11:12:49 IST" duration-ms="11470" status="PASS">
          <reporter-output>
          </reporter-output>
        </test-method> <!-- formSubmissionTest -->
        <test-method is-config="true" signature="tearDown()[pri:0, instance:STTCA.STTCA.TestingJava@3b69e7d1]" started-at="2024-10-20T11:12:49 IST" name="tearDown" finished-at="2024-10-20T11:12:49 IST" duration-ms="814" status="PASS">
          <reporter-output>
          </reporter-output>
        </test-method> <!-- tearDown -->
      </class> <!-- STTCA.STTCA.TestingJava -->
    </test> <!-- Default test -->
  </suite> <!-- Default suite -->
</testng-results>
