<?xml version="1.0" encoding="UTF-8"?>
<testng-results ignored="0" total="1" passed="1" failed="0" skipped="0">
  <reporter-output>
  </reporter-output>
  <suite started-at="2024-10-20T23:12:07 IST" name="Default suite" finished-at="2024-10-20T23:12:24 IST" duration-ms="17056">
    <groups>
    </groups>
    <test started-at="2024-10-20T23:12:07 IST" name="Default test" finished-at="2024-10-20T23:12:24 IST" duration-ms="17056">
      <class name="STTCA.STTCA.TestingJava">
        <test-method is-config="true" signature="setup()[pri:0, instance:STTCA.STTCA.TestingJava@56aaaecd]" started-at="2024-10-20T23:12:07 IST" name="setup" finished-at="2024-10-20T23:12:22 IST" duration-ms="15659" status="PASS">
          <reporter-output>
          </reporter-output>
        </test-method> <!-- setup -->
        <test-method signature="formSubmissionTest()[pri:0, instance:STTCA.STTCA.TestingJava@56aaaecd]" started-at="2024-10-20T23:12:22 IST" name="formSubmissionTest" finished-at="2024-10-20T23:12:23 IST" duration-ms="968" status="PASS">
          <reporter-output>
          </reporter-output>
        </test-method> <!-- formSubmissionTest -->
        <test-method is-config="true" signature="tearDown()[pri:0, instance:STTCA.STTCA.TestingJava@56aaaecd]" started-at="2024-10-20T23:12:23 IST" name="tearDown" finished-at="2024-10-20T23:12:24 IST" duration-ms="389" status="PASS">
          <reporter-output>
          </reporter-output>
        </test-method> <!-- tearDown -->
      </class> <!-- STTCA.STTCA.TestingJava -->
    </test> <!-- Default test -->
  </suite> <!-- Default suite -->
</testng-results>
